<?xml version="1.0" encoding="UTF-8"?>
<testsuite name="com.trello.qa.tests.TeamModificationTest" tests="1" skipped="1" failures="0" errors="0" timestamp="2019-10-03T15:32:00" hostname="LAPTOP-0PPAN3RT" time="0.0">
  <properties/>
  <testcase name="testRenameTeam" classname="com.trello.qa.tests.TeamModificationTest" time="0.0">
    <skipped/>
  </testcase>
  <system-out><![CDATA[]]></system-out>
  <system-err><![CDATA[]]></system-err>
</testsuite>
