<?xml version="1.0" encoding="UTF-8"?>
<testsuite name="com.trello.qa.BoardCreationTest" tests="1" skipped="0" failures="0" errors="0" timestamp="2019-09-08T17:59:54" hostname="LAPTOP-0PPAN3RT" time="9.942">
  <properties/>
  <testcase name="createBoard" classname="com.trello.qa.BoardCreationTest" time="9.942"/>
  <system-out><![CDATA[]]></system-out>
  <system-err><![CDATA[Starting ChromeDriver 76.0.3809.68 (420c9498db8ce8fcd190a954d51297672c1515d5-refs/branch-heads/3809@{#864}) on port 9831
Only local connections are allowed.
Please protect ports used by ChromeDriver and related test frameworks to prevent access by malicious code.
[1567965583.309][WARNING]: Timed out connecting to Chrome, retrying...
сен 08, 2019 8:59:45 PM org.openqa.selenium.remote.ProtocolHandshake createSession
INFO: Detected dialect: W3C
[1567965587.412][WARNING]: Timed out connecting to Chrome, retrying...
]]></system-err>
</testsuite>
